<?xml version="1.0" encoding="UTF-8"?>
<testng-results ignored="0" total="1" passed="1" failed="0" skipped="0">
  <reporter-output>
  </reporter-output>
  <suite started-at="2020-06-28T13:18:01 IST" name="Default suite" finished-at="2020-06-28T13:18:46 IST" duration-ms="44997">
    <groups>
    </groups>
    <test started-at="2020-06-28T13:18:01 IST" name="Default test" finished-at="2020-06-28T13:18:46 IST" duration-ms="44997">
      <class name="Travelsite.FlightPage">
        <test-method is-config="true" signature="initialize()[pri:0, instance:Travelsite.FlightPage@d4342c2]" started-at="2020-06-28T13:18:01 IST" name="initialize" finished-at="2020-06-28T13:18:23 IST" duration-ms="21966" status="PASS">
          <reporter-output>
          </reporter-output>
        </test-method> <!-- initialize -->
        <test-method signature="searchFlightFunctionalityTest()[pri:0, instance:Travelsite.FlightPage@d4342c2]" started-at="2020-06-28T13:18:23 IST" name="searchFlightFunctionalityTest" finished-at="2020-06-28T13:18:46 IST" duration-ms="22973" status="PASS">
          <reporter-output>
          </reporter-output>
        </test-method> <!-- searchFlightFunctionalityTest -->
      </class> <!-- Travelsite.FlightPage -->
    </test> <!-- Default test -->
  </suite> <!-- Default suite -->
</testng-results>
