<?xml version="1.0" encoding="UTF-8"?>
<testng-results ignored="0" total="1" passed="1" failed="0" skipped="0">
  <reporter-output>
  </reporter-output>
  <suite started-at="2020-06-28T09:38:30 IST" name="Default suite" finished-at="2020-06-28T09:39:08 IST" duration-ms="38284">
    <groups>
    </groups>
    <test started-at="2020-06-28T09:38:30 IST" name="Default test" finished-at="2020-06-28T09:39:08 IST" duration-ms="38284">
      <class name="Travelsite.FlightPage">
        <test-method is-config="true" signature="initialize()[pri:0, instance:Travelsite.FlightPage@163e4e87]" started-at="2020-06-28T09:38:30 IST" name="initialize" finished-at="2020-06-28T09:38:43 IST" duration-ms="13324" status="PASS">
          <reporter-output>
          </reporter-output>
        </test-method> <!-- initialize -->
        <test-method signature="searchFlightFunctionalityTest()[pri:0, instance:Travelsite.FlightPage@163e4e87]" started-at="2020-06-28T09:38:43 IST" name="searchFlightFunctionalityTest" finished-at="2020-06-28T09:39:07 IST" duration-ms="24100" status="PASS">
          <reporter-output>
          </reporter-output>
        </test-method> <!-- searchFlightFunctionalityTest -->
        <test-method is-config="true" signature="teardown()[pri:0, instance:Travelsite.FlightPage@163e4e87]" started-at="2020-06-28T09:39:07 IST" name="teardown" finished-at="2020-06-28T09:39:08 IST" duration-ms="788" status="PASS">
          <reporter-output>
          </reporter-output>
        </test-method> <!-- teardown -->
      </class> <!-- Travelsite.FlightPage -->
    </test> <!-- Default test -->
  </suite> <!-- Default suite -->
</testng-results>
