<?xml version="1.0" encoding="UTF-8"?>
<testsuite xmlns:xsi="http://www.w3.org/2001/XMLSchema-instance" xsi:noNamespaceSchemaLocation="https://maven.apache.org/surefire/maven-surefire-plugin/xsd/surefire-test-report-3.0.xsd" version="3.0" name="TestSuite" time="25.247" tests="10" errors="0" skipped="7" failures="3">
  <properties>
[...]
</properties>
  <testcase name="initialize" classname="Travelsite.HomePage" time="24.398">
    <failure message="java.net.ConnectException: Failed to connect to localhost/0:0:0:0:0:0:0:1:47217&#10;Build info: version: &apos;3.141.59&apos;, revision: &apos;e82be7d358&apos;, time: &apos;2018-11-14T08:17:03&apos;&#10;System info: host: &apos;BIKRAM-PC&apos;, ip: &apos;192.168.43.184&apos;, os.name: &apos;Windows 8.1&apos;, os.arch: &apos;amd64&apos;, os.version: &apos;6.3&apos;, java.version: &apos;1.8.0_221&apos;&#10;Driver info: driver.version: FirefoxDriver" type="org.openqa.selenium.WebDriverException"><![CDATA[org.openqa.selenium.WebDriverException: 
java.net.ConnectException: Failed to connect to localhost/0:0:0:0:0:0:0:1:47217
Build info: version: '3.141.59', revision: 'e82be7d358', time: '2018-11-14T08:17:03'
System info: host: 'BIKRAM-PC', ip: '192.168.43.184', os.name: 'Windows 8.1', os.arch: 'amd64', os.version: '6.3', java.version: '1.8.0_221'
Driver info: driver.version: FirefoxDriver
	at Travelsite.HomePage.initialize(HomePage.java:23)
Caused by: java.net.ConnectException: Failed to connect to localhost/0:0:0:0:0:0:0:1:47217
	at Travelsite.HomePage.initialize(HomePage.java:23)
Caused by: java.net.ConnectException: Connection refused: connect
	at Travelsite.HomePage.initialize(HomePage.java:23)
]]></failure>
  </testcase>
  <testcase name="HomePageNavigation" classname="Travelsite.HomePage" time="0">
    <skipped message="java.net.ConnectException: Failed to connect to localhost/0:0:0:0:0:0:0:1:47217&#10;Build info: version: &apos;3.141.59&apos;, revision: &apos;e82be7d358&apos;, time: &apos;2018-11-14T08:17:03&apos;&#10;System info: host: &apos;BIKRAM-PC&apos;, ip: &apos;192.168.43.184&apos;, os.name: &apos;Windows 8.1&apos;, os.arch: &apos;amd64&apos;, os.version: &apos;6.3&apos;, java.version: &apos;1.8.0_221&apos;&#10;Driver info: driver.version: FirefoxDriver"/>
  </testcase>
  <testcase name="HomePageNavigation" classname="Travelsite.HomePage" time="0">
    <skipped message="java.net.ConnectException: Failed to connect to localhost/0:0:0:0:0:0:0:1:47217&#10;Build info: version: &apos;3.141.59&apos;, revision: &apos;e82be7d358&apos;, time: &apos;2018-11-14T08:17:03&apos;&#10;System info: host: &apos;BIKRAM-PC&apos;, ip: &apos;192.168.43.184&apos;, os.name: &apos;Windows 8.1&apos;, os.arch: &apos;amd64&apos;, os.version: &apos;6.3&apos;, java.version: &apos;1.8.0_221&apos;&#10;Driver info: driver.version: FirefoxDriver"/>
  </testcase>
  <testcase name="teardown" classname="Travelsite.HomePage" time="0">
    <skipped/>
  </testcase>
  <testcase name="initialize" classname="Travelsite.validateTitle" time="24.402">
    <failure message="java.net.ConnectException: Failed to connect to localhost/0:0:0:0:0:0:0:1:36565&#10;Build info: version: &apos;3.141.59&apos;, revision: &apos;e82be7d358&apos;, time: &apos;2018-11-14T08:17:03&apos;&#10;System info: host: &apos;BIKRAM-PC&apos;, ip: &apos;192.168.43.184&apos;, os.name: &apos;Windows 8.1&apos;, os.arch: &apos;amd64&apos;, os.version: &apos;6.3&apos;, java.version: &apos;1.8.0_221&apos;&#10;Driver info: driver.version: FirefoxDriver" type="org.openqa.selenium.WebDriverException"><![CDATA[org.openqa.selenium.WebDriverException: 
java.net.ConnectException: Failed to connect to localhost/0:0:0:0:0:0:0:1:36565
Build info: version: '3.141.59', revision: 'e82be7d358', time: '2018-11-14T08:17:03'
System info: host: 'BIKRAM-PC', ip: '192.168.43.184', os.name: 'Windows 8.1', os.arch: 'amd64', os.version: '6.3', java.version: '1.8.0_221'
Driver info: driver.version: FirefoxDriver
	at Travelsite.validateTitle.initialize(validateTitle.java:21)
Caused by: java.net.ConnectException: Failed to connect to localhost/0:0:0:0:0:0:0:1:36565
	at Travelsite.validateTitle.initialize(validateTitle.java:21)
Caused by: java.net.ConnectException: Connection refused: connect
	at Travelsite.validateTitle.initialize(validateTitle.java:21)
]]></failure>
  </testcase>
  <testcase name="ValidateTitletest" classname="Travelsite.validateTitle" time="0">
    <skipped message="java.net.ConnectException: Failed to connect to localhost/0:0:0:0:0:0:0:1:36565&#10;Build info: version: &apos;3.141.59&apos;, revision: &apos;e82be7d358&apos;, time: &apos;2018-11-14T08:17:03&apos;&#10;System info: host: &apos;BIKRAM-PC&apos;, ip: &apos;192.168.43.184&apos;, os.name: &apos;Windows 8.1&apos;, os.arch: &apos;amd64&apos;, os.version: &apos;6.3&apos;, java.version: &apos;1.8.0_221&apos;&#10;Driver info: driver.version: FirefoxDriver"/>
  </testcase>
  <testcase name="teardown" classname="Travelsite.validateTitle" time="0">
    <skipped/>
  </testcase>
  <testcase name="initialize" classname="Travelsite.NaviBar" time="24.403">
    <failure message="java.net.ConnectException: Failed to connect to localhost/0:0:0:0:0:0:0:1:18314&#10;Build info: version: &apos;3.141.59&apos;, revision: &apos;e82be7d358&apos;, time: &apos;2018-11-14T08:17:03&apos;&#10;System info: host: &apos;BIKRAM-PC&apos;, ip: &apos;192.168.43.184&apos;, os.name: &apos;Windows 8.1&apos;, os.arch: &apos;amd64&apos;, os.version: &apos;6.3&apos;, java.version: &apos;1.8.0_221&apos;&#10;Driver info: driver.version: FirefoxDriver" type="org.openqa.selenium.WebDriverException"><![CDATA[org.openqa.selenium.WebDriverException: 
java.net.ConnectException: Failed to connect to localhost/0:0:0:0:0:0:0:1:18314
Build info: version: '3.141.59', revision: 'e82be7d358', time: '2018-11-14T08:17:03'
System info: host: 'BIKRAM-PC', ip: '192.168.43.184', os.name: 'Windows 8.1', os.arch: 'amd64', os.version: '6.3', java.version: '1.8.0_221'
Driver info: driver.version: FirefoxDriver
	at Travelsite.NaviBar.initialize(NaviBar.java:21)
Caused by: java.net.ConnectException: Failed to connect to localhost/0:0:0:0:0:0:0:1:18314
	at Travelsite.NaviBar.initialize(NaviBar.java:21)
Caused by: java.net.ConnectException: Connection refused: connect
	at Travelsite.NaviBar.initialize(NaviBar.java:21)
]]></failure>
  </testcase>
  <testcase name="NavigationBarTest" classname="Travelsite.NaviBar" time="0">
    <skipped message="java.net.ConnectException: Failed to connect to localhost/0:0:0:0:0:0:0:1:18314&#10;Build info: version: &apos;3.141.59&apos;, revision: &apos;e82be7d358&apos;, time: &apos;2018-11-14T08:17:03&apos;&#10;System info: host: &apos;BIKRAM-PC&apos;, ip: &apos;192.168.43.184&apos;, os.name: &apos;Windows 8.1&apos;, os.arch: &apos;amd64&apos;, os.version: &apos;6.3&apos;, java.version: &apos;1.8.0_221&apos;&#10;Driver info: driver.version: FirefoxDriver"/>
  </testcase>
  <testcase name="teardown" classname="Travelsite.NaviBar" time="0">
    <skipped/>
  </testcase>
</testsuite>