<?xml version="1.0" encoding="UTF-8"?>
<!-- Generated by org.testng.reporters.JUnitXMLReporter -->
<testsuite ignored="0" hostname="Bikram-PC" failures="1" tests="1" name="Title Validation" time="20.648" errors="0" timestamp="2020-06-02T13:15:44 IST">
  <testcase classname="Travelsite.validateTitle" name="ValidateTitletest" time="9.874">
    <failure type="java.lang.AssertionError" message="expected [Travel Mandates123] but found [Travel Mandates]">
      <![CDATA[java.lang.AssertionError: expected [Travel Mandates123] but found [Travel Mandates]
at Travelsite.validateTitle.ValidateTitletest(validateTitle.java:29)
at java.base/java.util.ArrayList.forEach(ArrayList.java:1507)
at java.base/java.util.concurrent.FutureTask.run(FutureTask.java:264)
at java.base/java.util.concurrent.ThreadPoolExecutor.runWorker(ThreadPoolExecutor.java:1128)
at java.base/java.util.concurrent.ThreadPoolExecutor$Worker.run(ThreadPoolExecutor.java:628)
at java.base/java.lang.Thread.run(Thread.java:830)
... Removed 23 stack frames]]>
    </failure>
  </testcase> <!-- ValidateTitletest -->
</testsuite> <!-- Title Validation -->
