<?xml version="1.0" encoding="UTF-8"?>
<!-- Generated by org.testng.reporters.JUnitXMLReporter -->
<testsuite hostname="Bikram-PC" ignored="0" name="Test" tests="4" failures="0" timestamp="2020-06-02T00:15:35 IST" time="57.696" errors="0">
  <testcase name="NavigationBarTest" time="10.53" classname="Travelsite.NaviBar"/>
  <testcase name="HomePageNavigation" time="14.906" classname="Travelsite.HomePage"/>
  <testcase name="HomePageNavigation" time="9.287" classname="Travelsite.HomePage"/>
  <testcase name="ValidateTitletest" time="12.642" classname="Travelsite.validateTitle"/>
</testsuite> <!-- Test -->
